  hiddenvm.cpp
D:\Folder\Work\hiddenvm\hiddenvm.cpp(37,28): warning C4244: 'initializing': conversion from '_Ty' to 'uint8_t', possible loss of data
D:\Folder\Work\hiddenvm\hiddenvm.cpp(37,28): warning C4244:         with
D:\Folder\Work\hiddenvm\hiddenvm.cpp(37,28): warning C4244:         [
D:\Folder\Work\hiddenvm\hiddenvm.cpp(37,28): warning C4244:             _Ty=uint64_t
D:\Folder\Work\hiddenvm\hiddenvm.cpp(37,28): warning C4244:         ]
D:\Folder\Work\hiddenvm\hiddenvm.cpp(41,27): warning C4244: 'initializing': conversion from '_Ty' to 'int', possible loss of data
D:\Folder\Work\hiddenvm\hiddenvm.cpp(41,27): warning C4244:         with
D:\Folder\Work\hiddenvm\hiddenvm.cpp(41,27): warning C4244:         [
D:\Folder\Work\hiddenvm\hiddenvm.cpp(41,27): warning C4244:             _Ty=uint64_t
D:\Folder\Work\hiddenvm\hiddenvm.cpp(41,27): warning C4244:         ]
D:\Folder\Work\hiddenvm\hiddenvm.cpp(53,23): warning C4244: 'initializing': conversion from '_Ty' to 'int', possible loss of data
D:\Folder\Work\hiddenvm\hiddenvm.cpp(53,23): warning C4244:         with
D:\Folder\Work\hiddenvm\hiddenvm.cpp(53,23): warning C4244:         [
D:\Folder\Work\hiddenvm\hiddenvm.cpp(53,23): warning C4244:             _Ty=uint64_t
D:\Folder\Work\hiddenvm\hiddenvm.cpp(53,23): warning C4244:         ]
D:\Folder\Work\hiddenvm\hiddenvm.cpp(54,23): warning C4244: 'initializing': conversion from '_Ty' to 'int', possible loss of data
D:\Folder\Work\hiddenvm\hiddenvm.cpp(54,23): warning C4244:         with
D:\Folder\Work\hiddenvm\hiddenvm.cpp(54,23): warning C4244:         [
D:\Folder\Work\hiddenvm\hiddenvm.cpp(54,23): warning C4244:             _Ty=uint64_t
D:\Folder\Work\hiddenvm\hiddenvm.cpp(54,23): warning C4244:         ]
D:\Folder\Work\hiddenvm\hiddenvm.cpp(59,23): warning C4244: 'initializing': conversion from '_Ty' to 'int', possible loss of data
D:\Folder\Work\hiddenvm\hiddenvm.cpp(59,23): warning C4244:         with
D:\Folder\Work\hiddenvm\hiddenvm.cpp(59,23): warning C4244:         [
D:\Folder\Work\hiddenvm\hiddenvm.cpp(59,23): warning C4244:             _Ty=uint64_t
D:\Folder\Work\hiddenvm\hiddenvm.cpp(59,23): warning C4244:         ]
D:\Folder\Work\hiddenvm\hiddenvm.cpp(60,23): warning C4244: 'initializing': conversion from '_Ty' to 'int', possible loss of data
D:\Folder\Work\hiddenvm\hiddenvm.cpp(60,23): warning C4244:         with
D:\Folder\Work\hiddenvm\hiddenvm.cpp(60,23): warning C4244:         [
D:\Folder\Work\hiddenvm\hiddenvm.cpp(60,23): warning C4244:             _Ty=uint64_t
D:\Folder\Work\hiddenvm\hiddenvm.cpp(60,23): warning C4244:         ]
D:\Folder\Work\hiddenvm\hiddenvm.cpp(65,23): warning C4244: 'initializing': conversion from '_Ty' to 'int', possible loss of data
D:\Folder\Work\hiddenvm\hiddenvm.cpp(65,23): warning C4244:         with
D:\Folder\Work\hiddenvm\hiddenvm.cpp(65,23): warning C4244:         [
D:\Folder\Work\hiddenvm\hiddenvm.cpp(65,23): warning C4244:             _Ty=uint64_t
D:\Folder\Work\hiddenvm\hiddenvm.cpp(65,23): warning C4244:         ]
D:\Folder\Work\hiddenvm\hiddenvm.cpp(66,23): warning C4244: 'initializing': conversion from '_Ty' to 'int', possible loss of data
D:\Folder\Work\hiddenvm\hiddenvm.cpp(66,23): warning C4244:         with
D:\Folder\Work\hiddenvm\hiddenvm.cpp(66,23): warning C4244:         [
D:\Folder\Work\hiddenvm\hiddenvm.cpp(66,23): warning C4244:             _Ty=uint64_t
D:\Folder\Work\hiddenvm\hiddenvm.cpp(66,23): warning C4244:         ]
D:\Folder\Work\hiddenvm\hiddenvm.cpp(72,23): warning C4244: 'initializing': conversion from '_Ty' to 'int', possible loss of data
D:\Folder\Work\hiddenvm\hiddenvm.cpp(72,23): warning C4244:         with
D:\Folder\Work\hiddenvm\hiddenvm.cpp(72,23): warning C4244:         [
D:\Folder\Work\hiddenvm\hiddenvm.cpp(72,23): warning C4244:             _Ty=uint64_t
D:\Folder\Work\hiddenvm\hiddenvm.cpp(72,23): warning C4244:         ]
D:\Folder\Work\hiddenvm\hiddenvm.cpp(73,23): warning C4244: 'initializing': conversion from '_Ty' to 'int', possible loss of data
D:\Folder\Work\hiddenvm\hiddenvm.cpp(73,23): warning C4244:         with
D:\Folder\Work\hiddenvm\hiddenvm.cpp(73,23): warning C4244:         [
D:\Folder\Work\hiddenvm\hiddenvm.cpp(73,23): warning C4244:             _Ty=uint64_t
D:\Folder\Work\hiddenvm\hiddenvm.cpp(73,23): warning C4244:         ]
  Generating code
  1 of 103 functions ( 1.0%) were compiled, the rest were copied from previous compilation.
    0 functions were new in current compilation
    0 functions had inline decision re-evaluated but remain unchanged
  Finished generating code
  hiddenvm.vcxproj -> D:\Folder\Work\hiddenvm\x64\Release\hiddenvm.exe
